
> pathforajs@0.9.11 lint /Users/Maciek/dev/mobilewebpro/pathfora-priv
> eslint src/*


/Users/Maciek/dev/mobilewebpro/pathfora-priv/src/pathfora.js
    19:1   warning  Line 19 exceeds the maximum line length of 80                    max-len
    24:7   error    "rclass" is defined but never used                               no-unused-vars
    25:7   error    "rnotwhite" is defined but never used                            no-unused-vars
    26:7   error    "rtrim" is defined but never used                                no-unused-vars
    37:1   warning  Line 37 exceeds the maximum line length of 80                    max-len
    83:1   warning  Line 83 exceeds the maximum line length of 80                    max-len
    83:40  error    No magic number: -1                                              no-magic-numbers
   122:51  error    No magic number: 0x10000                                         no-magic-numbers
   123:23  error    No magic number: 16                                              no-magic-numbers
   139:6   error    Unexpected trailing comma                                        comma-dangle
   153:1   warning  Line 153 exceeds the maximum line length of 80                   max-len
   273:1   warning  Line 273 exceeds the maximum line length of 80                   max-len
   277:1   warning  Line 277 exceeds the maximum line length of 80                   max-len
   281:9   warning  "pathfora" is not defined                                        no-undef
   294:16  error    All "var" declarations must be at the top of the function scope  vars-on-top
   328:47  error    No magic number: 1000                                            no-magic-numbers
   354:1   warning  Line 354 exceeds the maximum line length of 80                   max-len
   354:96  error    No magic number: 100                                             no-magic-numbers
   355:1   warning  Line 355 exceeds the maximum line length of 80                   max-len
   357:13  warning  "pathfora" is not defined                                        no-undef
   370:1   warning  Line 370 exceeds the maximum line length of 80                   max-len
   377:1   warning  Line 377 exceeds the maximum line length of 80                   max-len
   378:1   warning  Line 378 exceeds the maximum line length of 80                   max-len
   379:1   warning  Line 379 exceeds the maximum line length of 80                   max-len
   380:13  warning  "pathfora" is not defined                                        no-undef
   397:1   warning  Line 397 exceeds the maximum line length of 80                   max-len
   470:1   warning  Line 470 exceeds the maximum line length of 80                   max-len
   471:1   warning  Line 471 exceeds the maximum line length of 80                   max-len
   472:1   warning  Line 472 exceeds the maximum line length of 80                   max-len
   521:11  error    Unexpected console statement                                     no-console
   526:34  warning  "image" is not defined                                           no-undef
   538:34  warning  "form" is not defined                                            no-undef
   542:34  warning  "form" is not defined                                            no-undef
   546:34  warning  "form" is not defined                                            no-undef
   550:34  warning  "form" is not defined                                            no-undef
   571:1   warning  Line 571 exceeds the maximum line length of 80                   max-len
   647:28  error    Unexpected use of undefined                                      no-undefined
   660:1   warning  Line 660 exceeds the maximum line length of 80                   max-len
   666:1   warning  Line 666 exceeds the maximum line length of 80                   max-len
   688:9   warning  Gratuitous parentheses around expression                         no-extra-parens
   690:9   warning  Gratuitous parentheses around expression                         no-extra-parens
   704:24  error    Unexpected use of undefined                                      no-undefined
   713:1   warning  Line 713 exceeds the maximum line length of 80                   max-len
   720:48  error    No magic number: -1                                              no-magic-numbers
   721:1   warning  Line 721 exceeds the maximum line length of 80                   max-len
   721:9   error    Unexpected console statement                                     no-console
   746:26  error    "templates" was used before it was defined                       no-use-before-define
   758:1   warning  Line 758 exceeds the maximum line length of 80                   max-len
   766:10  error    No magic number: 1000                                            no-magic-numbers
   771:1   warning  Line 771 exceeds the maximum line length of 80                   max-len
   776:48  error    No magic number: 30                                              no-magic-numbers
   790:1   warning  Line 790 exceeds the maximum line length of 80                   max-len
   798:1   warning  Line 798 exceeds the maximum line length of 80                   max-len
   804:14  error    All "var" declarations must be at the top of the function scope  vars-on-top
   883:7   error    "api" was used before it was defined                             no-use-before-define
   895:37  error    Invalid typeof comparison value                                  valid-typeof
   897:33  error    Unexpected use of undefined                                      no-undefined
   903:11  warning  Unexpected if as the only statement in an else block             no-lonely-if
   964:1   warning  Line 964 exceeds the maximum line length of 80                   max-len
   982:22  error    Unexpected use of undefined                                      no-undefined
   986:26  error    Unexpected use of undefined                                      no-undefined
   996:1   warning  Line 996 exceeds the maximum line length of 80                   max-len
  1000:1   warning  Line 1000 exceeds the maximum line length of 80                  max-len
  1003:31  warning  Gratuitous parentheses around expression                         no-extra-parens
  1003:48  error    No magic number: 4                                               no-magic-numbers
  1007:31  warning  Gratuitous parentheses around expression                         no-extra-parens
  1007:48  error    No magic number: 5                                               no-magic-numbers
  1008:29  error    No magic number: 3                                               no-magic-numbers
  1009:33  warning  Gratuitous parentheses around expression                         no-extra-parens
  1009:50  error    No magic number: 5                                               no-magic-numbers
  1014:31  warning  Gratuitous parentheses around expression                         no-extra-parens
  1014:48  error    No magic number: 5                                               no-magic-numbers
  1015:45  error    No magic number: 3                                               no-magic-numbers
  1016:33  warning  Gratuitous parentheses around expression                         no-extra-parens
  1016:50  error    No magic number: 5                                               no-magic-numbers
  1022:54  warning  Gratuitous parentheses around expression                         no-extra-parens
  1022:71  error    No magic number: 3                                               no-magic-numbers
  1023:53  warning  Gratuitous parentheses around expression                         no-extra-parens
  1026:55  warning  Gratuitous parentheses around expression                         no-extra-parens
  1027:53  warning  Gratuitous parentheses around expression                         no-extra-parens
  1030:53  warning  Gratuitous parentheses around expression                         no-extra-parens
  1034:50  warning  Gratuitous parentheses around expression                         no-extra-parens
  1034:67  error    No magic number: 3                                               no-magic-numbers
  1037:53  warning  Gratuitous parentheses around expression                         no-extra-parens
  1037:70  error    No magic number: 6                                               no-magic-numbers
  1057:9   warning  "jstag" is not defined                                           no-undef
  1058:11  error    Identifier 'user_id' is not in camel case                        camelcase
  1073:32  error    No magic number: 4                                               no-magic-numbers
  1073:52  error    No magic number: 200                                             no-magic-numbers
  1075:39  error    No magic number: 4                                               no-magic-numbers
  1098:32  error    No magic number: 4                                               no-magic-numbers
  1098:52  error    No magic number: 200                                             no-magic-numbers
  1100:39  error    No magic number: 4                                               no-magic-numbers
  1114:9   warning  "jstag" is not defined                                           no-undef
  1116:9   error    Unexpected console statement                                     no-console
  1147:9   error    Unexpected console statement                                     no-console
  1163:1   warning  Line 1163 exceeds the maximum line length of 80                  max-len
  1164:1   warning  Line 1164 exceeds the maximum line length of 80                  max-len
  1165:1   warning  Line 1165 exceeds the maximum line length of 80                  max-len
  1170:1   warning  Line 1170 exceeds the maximum line length of 80                  max-len
  1171:1   warning  Line 1171 exceeds the maximum line length of 80                  max-len
  1172:1   warning  Line 1172 exceeds the maximum line length of 80                  max-len
  1173:1   warning  Line 1173 exceeds the maximum line length of 80                  max-len
  1176:1   warning  Line 1176 exceeds the maximum line length of 80                  max-len
  1177:1   warning  Line 1177 exceeds the maximum line length of 80                  max-len
  1178:1   warning  Line 1178 exceeds the maximum line length of 80                  max-len
  1204:24  warning  Gratuitous parentheses around expression                         no-extra-parens
  1230:56  error    No magic number: -1                                              no-magic-numbers
  1314:10  error    No magic number: 50                                              no-magic-numbers
  1318:11  warning  "pathfora" is not defined                                        no-undef
  1319:49  error    No magic number: 1000                                            no-magic-numbers
  1355:10  error    No magic number: 500                                             no-magic-numbers
  1377:9   warning  "element" is not defined                                         no-undef
  1378:27  warning  "element" is not defined                                         no-undef
  1379:9   warning  "element" is not defined                                         no-undef
  1379:40  warning  "element" is not defined                                         no-undef
  1385:19  error    No magic number: -1                                              no-magic-numbers
  1420:5   error    All "var" declarations must be at the top of the function scope  vars-on-top
  1421:7   error    Expected literal to be on the right side of ===                  yoda
  1423:7   warning  "pfCfg" is not defined                                           no-undef
  1425:7   warning  "pfCfg" is not defined                                           no-undef
  1451:13  error    "i" is already declared in the upper scope                       no-shadow
  1452:13  error    "j" is already declared in the upper scope                       no-shadow
  1466:7   warning  "pathfora" is not defined                                        no-undef
  1466:43  warning  "pfCfg" is not defined                                           no-undef

✖ 125 problems (52 errors, 73 warnings)

